<?xml version="1.0" encoding="UTF-8"?>
<testng-results ignored="0" total="1" passed="1" failed="0" skipped="0">
  <reporter-output>
  </reporter-output>
  <suite started-at="2024-04-03T19:14:55 IST" name="Suite" finished-at="2024-04-03T19:14:58 IST" duration-ms="2761">
    <groups>
    </groups>
    <test started-at="2024-04-03T19:14:55 IST" name="Test" finished-at="2024-04-03T19:14:58 IST" duration-ms="2761">
      <class name="Testcases.LoginTest">
        <test-method is-config="true" signature="setup()[pri:0, instance:Testcases.LoginTest@53045c6c]" started-at="2024-04-03T19:14:49 IST" name="setup" finished-at="2024-04-03T19:14:55 IST" duration-ms="5967" status="PASS">
          <reporter-output>
          </reporter-output>
        </test-method> <!-- setup -->
        <test-method signature="loginAsBankManager()[pri:0, instance:Testcases.LoginTest@53045c6c]" started-at="2024-04-03T19:14:55 IST" name="loginAsBankManager" finished-at="2024-04-03T19:14:58 IST" duration-ms="2676" status="PASS">
          <reporter-output>
          </reporter-output>
        </test-method> <!-- loginAsBankManager -->
        <test-method is-config="true" signature="Teardown()[pri:0, instance:Testcases.LoginTest@53045c6c]" started-at="2024-04-03T19:14:58 IST" name="Teardown" finished-at="2024-04-03T19:14:58 IST" duration-ms="315" status="PASS">
          <reporter-output>
          </reporter-output>
        </test-method> <!-- Teardown -->
      </class> <!-- Testcases.LoginTest -->
    </test> <!-- Test -->
  </suite> <!-- Suite -->
</testng-results>
